[2025-06-23T13:56:29.908+0000] {manager.py:469} INFO - Processing files using up to 2 processes at a time 
[2025-06-23T13:56:29.910+0000] {manager.py:470} INFO - Process each file at most once every 30 seconds
[2025-06-23T13:56:29.911+0000] {manager.py:471} INFO - Checking for new files in /opt/airflow/dags every 300 seconds
[2025-06-23T13:56:29.912+0000] {manager.py:738} INFO - Searching for files in /opt/airflow/dags
[2025-06-23T13:56:29.946+0000] {manager.py:741} INFO - There are 1 files in /opt/airflow/dags
[2025-06-23T13:56:30.091+0000] {manager.py:879} INFO - 
================================================================================
DAG File Processing Stats

File Path                           PID  Runtime      # DAGs    # Errors  Last Runtime    Last Run
--------------------------------  -----  ---------  --------  ----------  --------------  ----------
/opt/airflow/dags/ml_pipeline.py    171  0.07s             0           0
================================================================================
[2025-06-23T13:57:00.518+0000] {manager.py:879} INFO - 
================================================================================
DAG File Processing Stats

File Path                         PID    Runtime      # DAGs    # Errors  Last Runtime    Last Run
--------------------------------  -----  ---------  --------  ----------  --------------  -------------------
/opt/airflow/dags/ml_pipeline.py                           1           0  0.61s           2025-06-23T13:56:30
================================================================================
[2025-06-23T13:57:30.689+0000] {manager.py:879} INFO - 
================================================================================
DAG File Processing Stats

File Path                         PID    Runtime      # DAGs    # Errors  Last Runtime    Last Run
--------------------------------  -----  ---------  --------  ----------  --------------  -------------------
/opt/airflow/dags/ml_pipeline.py                           1           0  0.18s           2025-06-23T13:57:01
================================================================================
[2025-06-23T13:58:01.282+0000] {manager.py:879} INFO - 
================================================================================
DAG File Processing Stats

File Path                         PID    Runtime      # DAGs    # Errors  Last Runtime    Last Run
--------------------------------  -----  ---------  --------  ----------  --------------  -------------------
/opt/airflow/dags/ml_pipeline.py                           1           0  0.56s           2025-06-23T13:57:32
================================================================================
[2025-06-23T13:58:31.772+0000] {manager.py:879} INFO - 
================================================================================
DAG File Processing Stats

File Path                         PID    Runtime      # DAGs    # Errors  Last Runtime    Last Run
--------------------------------  -----  ---------  --------  ----------  --------------  -------------------
/opt/airflow/dags/ml_pipeline.py                           1           0  0.22s           2025-06-23T13:58:02
================================================================================
[2025-06-23T13:59:02.517+0000] {manager.py:879} INFO - 
================================================================================
DAG File Processing Stats

File Path                         PID    Runtime      # DAGs    # Errors  Last Runtime    Last Run
--------------------------------  -----  ---------  --------  ----------  --------------  -------------------
/opt/airflow/dags/ml_pipeline.py                           1           0  0.40s           2025-06-23T13:58:33
================================================================================
[2025-06-23T13:59:33.294+0000] {manager.py:879} INFO - 
================================================================================
DAG File Processing Stats

File Path                         PID    Runtime      # DAGs    # Errors  Last Runtime    Last Run
--------------------------------  -----  ---------  --------  ----------  --------------  -------------------
/opt/airflow/dags/ml_pipeline.py                           1           0  0.24s           2025-06-23T13:59:03
================================================================================
[2025-06-23T14:00:03.900+0000] {manager.py:879} INFO - 
================================================================================
DAG File Processing Stats

File Path                         PID    Runtime      # DAGs    # Errors  Last Runtime    Last Run
--------------------------------  -----  ---------  --------  ----------  --------------  -------------------
/opt/airflow/dags/ml_pipeline.py                           1           0  0.42s           2025-06-23T13:59:34
================================================================================
[2025-06-23T14:00:34.867+0000] {manager.py:879} INFO - 
================================================================================
DAG File Processing Stats

File Path                         PID    Runtime      # DAGs    # Errors  Last Runtime    Last Run
--------------------------------  -----  ---------  --------  ----------  --------------  -------------------
/opt/airflow/dags/ml_pipeline.py                           1           0  0.41s           2025-06-23T14:00:05
================================================================================
[2025-06-23T14:01:05.447+0000] {manager.py:879} INFO - 
================================================================================
DAG File Processing Stats

File Path                         PID    Runtime      # DAGs    # Errors  Last Runtime    Last Run
--------------------------------  -----  ---------  --------  ----------  --------------  -------------------
/opt/airflow/dags/ml_pipeline.py                           1           0  0.40s           2025-06-23T14:00:36
================================================================================
[2025-06-23T14:01:30.330+0000] {manager.py:738} INFO - Searching for files in /opt/airflow/dags
[2025-06-23T14:01:30.375+0000] {manager.py:741} INFO - There are 1 files in /opt/airflow/dags
[2025-06-23T14:01:36.465+0000] {manager.py:879} INFO - 
================================================================================
DAG File Processing Stats

File Path                         PID    Runtime      # DAGs    # Errors  Last Runtime    Last Run
--------------------------------  -----  ---------  --------  ----------  --------------  -------------------
/opt/airflow/dags/ml_pipeline.py                           1           0  0.46s           2025-06-23T14:01:06
================================================================================
[2025-06-23T14:02:07.020+0000] {manager.py:879} INFO - 
================================================================================
DAG File Processing Stats

File Path                         PID    Runtime      # DAGs    # Errors  Last Runtime    Last Run
--------------------------------  -----  ---------  --------  ----------  --------------  -------------------
/opt/airflow/dags/ml_pipeline.py                           1           0  0.40s           2025-06-23T14:01:37
================================================================================
[2025-06-23T14:02:37.619+0000] {manager.py:879} INFO - 
================================================================================
DAG File Processing Stats

File Path                         PID    Runtime      # DAGs    # Errors  Last Runtime    Last Run
--------------------------------  -----  ---------  --------  ----------  --------------  -------------------
/opt/airflow/dags/ml_pipeline.py                           1           0  0.34s           2025-06-23T14:02:08
================================================================================
